CRITICAL - 2023-12-25 08:08:51 --> include(header.php): failed to open stream: No such file or directory
in APPPATH\Views\v_template.php on line 2.
 1 APPPATH\Views\v_template.php(2): CodeIgniter\Debug\Exceptions->errorHandler(2, 'include(header.php): failed to open stream: No such file or directory', 'C:\\xampp\\htdocs\\Projek\\app\\Views\\v_template.php', 2, [])
 2 APPPATH\Views\v_template.php(2): include()
 3 SYSTEMPATH\View\View.php(228): include('C:\\xampp\\htdocs\\Projek\\app\\Views\\v_template.php')
 4 SYSTEMPATH\View\View.php(231): CodeIgniter\View\View->CodeIgniter\View\{closure}()
 5 SYSTEMPATH\Common.php(1190): CodeIgniter\View\View->render('v_template', [], true)
 6 APPPATH\Controllers\Home.php(9): view('v_template')
 7 SYSTEMPATH\CodeIgniter.php(942): App\Controllers\Home->index()
 8 SYSTEMPATH\CodeIgniter.php(502): CodeIgniter\CodeIgniter->runController(Object(App\Controllers\Home))
 9 SYSTEMPATH\CodeIgniter.php(361): CodeIgniter\CodeIgniter->handleRequest(null, Object(Config\Cache), false)
10 FCPATH\index.php(79): CodeIgniter\CodeIgniter->run()
11 SYSTEMPATH\Commands\Server\rewrite.php(47): require_once('C:\\xampp\\htdocs\\Projek\\public\\index.php')
CRITICAL - 2023-12-25 08:08:52 --> include(header.php): failed to open stream: No such file or directory
in APPPATH\Views\v_template.php on line 2.
 1 APPPATH\Views\v_template.php(2): CodeIgniter\Debug\Exceptions->errorHandler(2, 'include(header.php): failed to open stream: No such file or directory', 'C:\\xampp\\htdocs\\Projek\\app\\Views\\v_template.php', 2, [])
 2 APPPATH\Views\v_template.php(2): include()
 3 SYSTEMPATH\View\View.php(228): include('C:\\xampp\\htdocs\\Projek\\app\\Views\\v_template.php')
 4 SYSTEMPATH\View\View.php(231): CodeIgniter\View\View->CodeIgniter\View\{closure}()
 5 SYSTEMPATH\Common.php(1190): CodeIgniter\View\View->render('v_template', [], true)
 6 APPPATH\Controllers\Home.php(9): view('v_template')
 7 SYSTEMPATH\CodeIgniter.php(942): App\Controllers\Home->index()
 8 SYSTEMPATH\CodeIgniter.php(502): CodeIgniter\CodeIgniter->runController(Object(App\Controllers\Home))
 9 SYSTEMPATH\CodeIgniter.php(361): CodeIgniter\CodeIgniter->handleRequest(null, Object(Config\Cache), false)
10 FCPATH\index.php(79): CodeIgniter\CodeIgniter->run()
11 SYSTEMPATH\Commands\Server\rewrite.php(47): require_once('C:\\xampp\\htdocs\\Projek\\public\\index.php')
CRITICAL - 2023-12-25 08:09:51 --> include(layout/scripts.php): failed to open stream: No such file or directory
in APPPATH\Views\v_template.php on line 13.
 1 APPPATH\Views\v_template.php(13): CodeIgniter\Debug\Exceptions->errorHandler(2, 'include(layout/scripts.php): failed to open stream: No such file or directory', 'C:\\xampp\\htdocs\\Projek\\app\\Views\\v_template.php', 13, [])
 2 APPPATH\Views\v_template.php(13): include()
 3 SYSTEMPATH\View\View.php(228): include('C:\\xampp\\htdocs\\Projek\\app\\Views\\v_template.php')
 4 SYSTEMPATH\View\View.php(231): CodeIgniter\View\View->CodeIgniter\View\{closure}()
 5 SYSTEMPATH\Common.php(1190): CodeIgniter\View\View->render('v_template', [], true)
 6 APPPATH\Controllers\Home.php(9): view('v_template')
 7 SYSTEMPATH\CodeIgniter.php(942): App\Controllers\Home->index()
 8 SYSTEMPATH\CodeIgniter.php(502): CodeIgniter\CodeIgniter->runController(Object(App\Controllers\Home))
 9 SYSTEMPATH\CodeIgniter.php(361): CodeIgniter\CodeIgniter->handleRequest(null, Object(Config\Cache), false)
10 FCPATH\index.php(79): CodeIgniter\CodeIgniter->run()
11 SYSTEMPATH\Commands\Server\rewrite.php(47): require_once('C:\\xampp\\htdocs\\Projek\\public\\index.php')
CRITICAL - 2023-12-25 08:09:52 --> include(layout/scripts.php): failed to open stream: No such file or directory
in APPPATH\Views\v_template.php on line 13.
 1 APPPATH\Views\v_template.php(13): CodeIgniter\Debug\Exceptions->errorHandler(2, 'include(layout/scripts.php): failed to open stream: No such file or directory', 'C:\\xampp\\htdocs\\Projek\\app\\Views\\v_template.php', 13, [])
 2 APPPATH\Views\v_template.php(13): include()
 3 SYSTEMPATH\View\View.php(228): include('C:\\xampp\\htdocs\\Projek\\app\\Views\\v_template.php')
 4 SYSTEMPATH\View\View.php(231): CodeIgniter\View\View->CodeIgniter\View\{closure}()
 5 SYSTEMPATH\Common.php(1190): CodeIgniter\View\View->render('v_template', [], true)
 6 APPPATH\Controllers\Home.php(9): view('v_template')
 7 SYSTEMPATH\CodeIgniter.php(942): App\Controllers\Home->index()
 8 SYSTEMPATH\CodeIgniter.php(502): CodeIgniter\CodeIgniter->runController(Object(App\Controllers\Home))
 9 SYSTEMPATH\CodeIgniter.php(361): CodeIgniter\CodeIgniter->handleRequest(null, Object(Config\Cache), false)
10 FCPATH\index.php(79): CodeIgniter\CodeIgniter->run()
11 SYSTEMPATH\Commands\Server\rewrite.php(47): require_once('C:\\xampp\\htdocs\\Projek\\public\\index.php')
CRITICAL - 2023-12-25 08:34:06 --> include(layout/header.php): failed to open stream: No such file or directory
in APPPATH\Views\admin\index.php on line 2.
 1 APPPATH\Views\admin\index.php(2): CodeIgniter\Debug\Exceptions->errorHandler(2, 'include(layout/header.php): failed to open stream: No such file or directory', 'C:\\xampp\\htdocs\\Projek\\app\\Views\\admin\\index.php', 2, [])
 2 APPPATH\Views\admin\index.php(2): include()
 3 SYSTEMPATH\View\View.php(228): include('C:\\xampp\\htdocs\\Projek\\app\\Views\\admin\\index.php')
 4 SYSTEMPATH\View\View.php(231): CodeIgniter\View\View->CodeIgniter\View\{closure}()
 5 SYSTEMPATH\Common.php(1190): CodeIgniter\View\View->render('admin/index', [], true)
 6 APPPATH\Controllers\Home.php(9): view('admin/index')
 7 SYSTEMPATH\CodeIgniter.php(942): App\Controllers\Home->index()
 8 SYSTEMPATH\CodeIgniter.php(502): CodeIgniter\CodeIgniter->runController(Object(App\Controllers\Home))
 9 SYSTEMPATH\CodeIgniter.php(361): CodeIgniter\CodeIgniter->handleRequest(null, Object(Config\Cache), false)
10 FCPATH\index.php(79): CodeIgniter\CodeIgniter->run()
11 SYSTEMPATH\Commands\Server\rewrite.php(47): require_once('C:\\xampp\\htdocs\\Projek\\public\\index.php')
CRITICAL - 2023-12-25 08:37:30 --> include(layout/header.php): failed to open stream: No such file or directory
in APPPATH\Views\admin\index.php on line 2.
 1 APPPATH\Views\admin\index.php(2): CodeIgniter\Debug\Exceptions->errorHandler(2, 'include(layout/header.php): failed to open stream: No such file or directory', 'C:\\xampp\\htdocs\\Projek\\app\\Views\\admin\\index.php', 2, [])
 2 APPPATH\Views\admin\index.php(2): include()
 3 SYSTEMPATH\View\View.php(228): include('C:\\xampp\\htdocs\\Projek\\app\\Views\\admin\\index.php')
 4 SYSTEMPATH\View\View.php(231): CodeIgniter\View\View->CodeIgniter\View\{closure}()
 5 SYSTEMPATH\Common.php(1190): CodeIgniter\View\View->render('admin/index', [], true)
 6 APPPATH\Controllers\Home.php(9): view('admin/index')
 7 SYSTEMPATH\CodeIgniter.php(942): App\Controllers\Home->index()
 8 SYSTEMPATH\CodeIgniter.php(502): CodeIgniter\CodeIgniter->runController(Object(App\Controllers\Home))
 9 SYSTEMPATH\CodeIgniter.php(361): CodeIgniter\CodeIgniter->handleRequest(null, Object(Config\Cache), false)
10 FCPATH\index.php(79): CodeIgniter\CodeIgniter->run()
11 SYSTEMPATH\Commands\Server\rewrite.php(47): require_once('C:\\xampp\\htdocs\\Projek\\public\\index.php')
CRITICAL - 2023-12-25 08:37:55 --> include(scripts.php): failed to open stream: No such file or directory
in APPPATH\Views\layout\template.php on line 13.
 1 APPPATH\Views\layout\template.php(13): CodeIgniter\Debug\Exceptions->errorHandler(2, 'include(scripts.php): failed to open stream: No such file or directory', 'C:\\xampp\\htdocs\\Projek\\app\\Views\\layout\\template.php', 13, [])
 2 APPPATH\Views\layout\template.php(13): include()
 3 SYSTEMPATH\View\View.php(228): include('C:\\xampp\\htdocs\\Projek\\app\\Views\\layout\\template.php')
 4 SYSTEMPATH\View\View.php(231): CodeIgniter\View\View->CodeIgniter\View\{closure}()
 5 SYSTEMPATH\View\View.php(244): CodeIgniter\View\View->render('layout/template', [], true)
 6 SYSTEMPATH\Common.php(1190): CodeIgniter\View\View->render('admin/index', [], true)
 7 APPPATH\Controllers\Home.php(9): view('admin/index')
 8 SYSTEMPATH\CodeIgniter.php(942): App\Controllers\Home->index()
 9 SYSTEMPATH\CodeIgniter.php(502): CodeIgniter\CodeIgniter->runController(Object(App\Controllers\Home))
10 SYSTEMPATH\CodeIgniter.php(361): CodeIgniter\CodeIgniter->handleRequest(null, Object(Config\Cache), false)
11 FCPATH\index.php(79): CodeIgniter\CodeIgniter->run()
12 SYSTEMPATH\Commands\Server\rewrite.php(47): require_once('C:\\xampp\\htdocs\\Projek\\public\\index.php')
CRITICAL - 2023-12-25 08:50:47 --> include(header.php): failed to open stream: No such file or directory
in APPPATH\Views\admin\index.php on line 2.
 1 APPPATH\Views\admin\index.php(2): CodeIgniter\Debug\Exceptions->errorHandler(2, 'include(header.php): failed to open stream: No such file or directory', 'C:\\xampp\\htdocs\\Projek\\app\\Views\\admin\\index.php', 2, [])
 2 APPPATH\Views\admin\index.php(2): include()
 3 SYSTEMPATH\View\View.php(228): include('C:\\xampp\\htdocs\\Projek\\app\\Views\\admin\\index.php')
 4 SYSTEMPATH\View\View.php(231): CodeIgniter\View\View->CodeIgniter\View\{closure}()
 5 SYSTEMPATH\Common.php(1190): CodeIgniter\View\View->render('admin/index', [], true)
 6 APPPATH\Controllers\Home.php(9): view('admin/index')
 7 SYSTEMPATH\CodeIgniter.php(942): App\Controllers\Home->index()
 8 SYSTEMPATH\CodeIgniter.php(502): CodeIgniter\CodeIgniter->runController(Object(App\Controllers\Home))
 9 SYSTEMPATH\CodeIgniter.php(361): CodeIgniter\CodeIgniter->handleRequest(null, Object(Config\Cache), false)
10 FCPATH\index.php(79): CodeIgniter\CodeIgniter->run()
11 SYSTEMPATH\Commands\Server\rewrite.php(47): require_once('C:\\xampp\\htdocs\\Projek\\public\\index.php')
CRITICAL - 2023-12-25 08:55:19 --> include(head.php): failed to open stream: No such file or directory
in APPPATH\Views\layout\template.php on line 6.
 1 APPPATH\Views\layout\template.php(6): CodeIgniter\Debug\Exceptions->errorHandler(2, 'include(head.php): failed to open stream: No such file or directory', 'C:\\xampp\\htdocs\\Projek\\app\\Views\\layout\\template.php', 6, [])
 2 APPPATH\Views\layout\template.php(6): include()
 3 SYSTEMPATH\View\View.php(228): include('C:\\xampp\\htdocs\\Projek\\app\\Views\\layout\\template.php')
 4 SYSTEMPATH\View\View.php(231): CodeIgniter\View\View->CodeIgniter\View\{closure}()
 5 SYSTEMPATH\View\View.php(244): CodeIgniter\View\View->render('layout/template', [], true)
 6 SYSTEMPATH\Common.php(1190): CodeIgniter\View\View->render('admin/index', [], true)
 7 APPPATH\Controllers\Home.php(9): view('admin/index')
 8 SYSTEMPATH\CodeIgniter.php(942): App\Controllers\Home->index()
 9 SYSTEMPATH\CodeIgniter.php(502): CodeIgniter\CodeIgniter->runController(Object(App\Controllers\Home))
10 SYSTEMPATH\CodeIgniter.php(361): CodeIgniter\CodeIgniter->handleRequest(null, Object(Config\Cache), false)
11 FCPATH\index.php(79): CodeIgniter\CodeIgniter->run()
12 SYSTEMPATH\Commands\Server\rewrite.php(47): require_once('C:\\xampp\\htdocs\\Projek\\public\\index.php')
CRITICAL - 2023-12-25 08:55:57 --> include(layout/header): failed to open stream: No such file or directory
in APPPATH\Views\layout\template.php on line 6.
 1 APPPATH\Views\layout\template.php(6): CodeIgniter\Debug\Exceptions->errorHandler(2, 'include(layout/header): failed to open stream: No such file or directory', 'C:\\xampp\\htdocs\\Projek\\app\\Views\\layout\\template.php', 6, [])
 2 APPPATH\Views\layout\template.php(6): include()
 3 SYSTEMPATH\View\View.php(228): include('C:\\xampp\\htdocs\\Projek\\app\\Views\\layout\\template.php')
 4 SYSTEMPATH\View\View.php(231): CodeIgniter\View\View->CodeIgniter\View\{closure}()
 5 SYSTEMPATH\View\View.php(244): CodeIgniter\View\View->render('layout/template', [], true)
 6 SYSTEMPATH\Common.php(1190): CodeIgniter\View\View->render('admin/index', [], true)
 7 APPPATH\Controllers\Home.php(9): view('admin/index')
 8 SYSTEMPATH\CodeIgniter.php(942): App\Controllers\Home->index()
 9 SYSTEMPATH\CodeIgniter.php(502): CodeIgniter\CodeIgniter->runController(Object(App\Controllers\Home))
10 SYSTEMPATH\CodeIgniter.php(361): CodeIgniter\CodeIgniter->handleRequest(null, Object(Config\Cache), false)
11 FCPATH\index.php(79): CodeIgniter\CodeIgniter->run()
12 SYSTEMPATH\Commands\Server\rewrite.php(47): require_once('C:\\xampp\\htdocs\\Projek\\public\\index.php')
CRITICAL - 2023-12-25 09:13:31 --> include(layheader.php): failed to open stream: No such file or directory
in APPPATH\Views\v_template.php on line 2.
 1 APPPATH\Views\v_template.php(2): CodeIgniter\Debug\Exceptions->errorHandler(2, 'include(layheader.php): failed to open stream: No such file or directory', 'C:\\xampp\\htdocs\\Projek\\app\\Views\\v_template.php', 2, [])
 2 APPPATH\Views\v_template.php(2): include()
 3 SYSTEMPATH\View\View.php(228): include('C:\\xampp\\htdocs\\Projek\\app\\Views\\v_template.php')
 4 SYSTEMPATH\View\View.php(231): CodeIgniter\View\View->CodeIgniter\View\{closure}()
 5 SYSTEMPATH\Common.php(1190): CodeIgniter\View\View->render('v_template', [], true)
 6 APPPATH\Controllers\Home.php(9): view('v_template')
 7 SYSTEMPATH\CodeIgniter.php(942): App\Controllers\Home->index()
 8 SYSTEMPATH\CodeIgniter.php(502): CodeIgniter\CodeIgniter->runController(Object(App\Controllers\Home))
 9 SYSTEMPATH\CodeIgniter.php(361): CodeIgniter\CodeIgniter->handleRequest(null, Object(Config\Cache), false)
10 FCPATH\index.php(79): CodeIgniter\CodeIgniter->run()
11 SYSTEMPATH\Commands\Server\rewrite.php(47): require_once('C:\\xampp\\htdocs\\Projek\\public\\index.php')
CRITICAL - 2023-12-25 09:14:38 --> include(scripts.php): failed to open stream: No such file or directory
in APPPATH\Views\layout\template.php on line 13.
 1 APPPATH\Views\layout\template.php(13): CodeIgniter\Debug\Exceptions->errorHandler(2, 'include(scripts.php): failed to open stream: No such file or directory', 'C:\\xampp\\htdocs\\Projek\\app\\Views\\layout\\template.php', 13, [])
 2 APPPATH\Views\layout\template.php(13): include()
 3 SYSTEMPATH\View\View.php(228): include('C:\\xampp\\htdocs\\Projek\\app\\Views\\layout\\template.php')
 4 SYSTEMPATH\View\View.php(231): CodeIgniter\View\View->CodeIgniter\View\{closure}()
 5 SYSTEMPATH\View\View.php(244): CodeIgniter\View\View->render('layout/template', [], true)
 6 SYSTEMPATH\Common.php(1190): CodeIgniter\View\View->render('admin/index', [], true)
 7 APPPATH\Controllers\Home.php(9): view('admin/index')
 8 SYSTEMPATH\CodeIgniter.php(942): App\Controllers\Home->index()
 9 SYSTEMPATH\CodeIgniter.php(502): CodeIgniter\CodeIgniter->runController(Object(App\Controllers\Home))
10 SYSTEMPATH\CodeIgniter.php(361): CodeIgniter\CodeIgniter->handleRequest(null, Object(Config\Cache), false)
11 FCPATH\index.php(79): CodeIgniter\CodeIgniter->run()
12 SYSTEMPATH\Commands\Server\rewrite.php(47): require_once('C:\\xampp\\htdocs\\Projek\\public\\index.php')
CRITICAL - 2023-12-25 09:14:39 --> include(scripts.php): failed to open stream: No such file or directory
in APPPATH\Views\layout\template.php on line 13.
 1 APPPATH\Views\layout\template.php(13): CodeIgniter\Debug\Exceptions->errorHandler(2, 'include(scripts.php): failed to open stream: No such file or directory', 'C:\\xampp\\htdocs\\Projek\\app\\Views\\layout\\template.php', 13, [])
 2 APPPATH\Views\layout\template.php(13): include()
 3 SYSTEMPATH\View\View.php(228): include('C:\\xampp\\htdocs\\Projek\\app\\Views\\layout\\template.php')
 4 SYSTEMPATH\View\View.php(231): CodeIgniter\View\View->CodeIgniter\View\{closure}()
 5 SYSTEMPATH\View\View.php(244): CodeIgniter\View\View->render('layout/template', [], true)
 6 SYSTEMPATH\Common.php(1190): CodeIgniter\View\View->render('admin/index', [], true)
 7 APPPATH\Controllers\Home.php(9): view('admin/index')
 8 SYSTEMPATH\CodeIgniter.php(942): App\Controllers\Home->index()
 9 SYSTEMPATH\CodeIgniter.php(502): CodeIgniter\CodeIgniter->runController(Object(App\Controllers\Home))
10 SYSTEMPATH\CodeIgniter.php(361): CodeIgniter\CodeIgniter->handleRequest(null, Object(Config\Cache), false)
11 FCPATH\index.php(79): CodeIgniter\CodeIgniter->run()
12 SYSTEMPATH\Commands\Server\rewrite.php(47): require_once('C:\\xampp\\htdocs\\Projek\\public\\index.php')
CRITICAL - 2023-12-25 16:30:38 --> Invalid file: "admin.php"
in SYSTEMPATH\Exceptions\FrameworkException.php on line 39.
 1 SYSTEMPATH\View\View.php(216): CodeIgniter\Exceptions\FrameworkException::forInvalidFile('admin.php')
 2 SYSTEMPATH\Common.php(1190): CodeIgniter\View\View->render('admin', [], true)
 3 APPPATH\Controllers\Home.php(9): view('admin')
 4 SYSTEMPATH\CodeIgniter.php(942): App\Controllers\Home->index()
 5 SYSTEMPATH\CodeIgniter.php(502): CodeIgniter\CodeIgniter->runController(Object(App\Controllers\Home))
 6 SYSTEMPATH\CodeIgniter.php(361): CodeIgniter\CodeIgniter->handleRequest(null, Object(Config\Cache), false)
 7 FCPATH\index.php(79): CodeIgniter\CodeIgniter->run()
 8 SYSTEMPATH\Commands\Server\rewrite.php(47): require_once('C:\\xampp\\htdocs\\Projek\\public\\index.php')
CRITICAL - 2023-12-25 17:21:40 --> Invalid file: "header.php"
in SYSTEMPATH\Exceptions\FrameworkException.php on line 39.
 1 SYSTEMPATH\View\View.php(216): CodeIgniter\Exceptions\FrameworkException::forInvalidFile('header.php')
 2 SYSTEMPATH\View\View.php(469): CodeIgniter\View\View->render('header', null, true)
 3 APPPATH\Views\layout\template.php(1): CodeIgniter\View\View->include('header')
 4 SYSTEMPATH\View\View.php(228): include('C:\\xampp\\htdocs\\Projek\\app\\Views\\layout\\template.php')
 5 SYSTEMPATH\View\View.php(231): CodeIgniter\View\View->CodeIgniter\View\{closure}()
 6 SYSTEMPATH\View\View.php(244): CodeIgniter\View\View->render('layout/template', [], true)
 7 SYSTEMPATH\Common.php(1190): CodeIgniter\View\View->render('admin/index', [], true)
 8 APPPATH\Controllers\Home.php(9): view('admin/index')
 9 SYSTEMPATH\CodeIgniter.php(942): App\Controllers\Home->index()
10 SYSTEMPATH\CodeIgniter.php(502): CodeIgniter\CodeIgniter->runController(Object(App\Controllers\Home))
11 SYSTEMPATH\CodeIgniter.php(361): CodeIgniter\CodeIgniter->handleRequest(null, Object(Config\Cache), false)
12 FCPATH\index.php(79): CodeIgniter\CodeIgniter->run()
13 SYSTEMPATH\Commands\Server\rewrite.php(47): require_once('C:\\xampp\\htdocs\\Projek\\public\\index.php')
CRITICAL - 2023-12-25 17:22:12 --> Invalid file: "header.php"
in SYSTEMPATH\Exceptions\FrameworkException.php on line 39.
 1 SYSTEMPATH\View\View.php(216): CodeIgniter\Exceptions\FrameworkException::forInvalidFile('header.php')
 2 SYSTEMPATH\View\View.php(469): CodeIgniter\View\View->render('header.php', null, true)
 3 APPPATH\Views\layout\template.php(1): CodeIgniter\View\View->include('header.php')
 4 SYSTEMPATH\View\View.php(228): include('C:\\xampp\\htdocs\\Projek\\app\\Views\\layout\\template.php')
 5 SYSTEMPATH\View\View.php(231): CodeIgniter\View\View->CodeIgniter\View\{closure}()
 6 SYSTEMPATH\View\View.php(244): CodeIgniter\View\View->render('layout/template', [], true)
 7 SYSTEMPATH\Common.php(1190): CodeIgniter\View\View->render('admin/index', [], true)
 8 APPPATH\Controllers\Home.php(9): view('admin/index')
 9 SYSTEMPATH\CodeIgniter.php(942): App\Controllers\Home->index()
10 SYSTEMPATH\CodeIgniter.php(502): CodeIgniter\CodeIgniter->runController(Object(App\Controllers\Home))
11 SYSTEMPATH\CodeIgniter.php(361): CodeIgniter\CodeIgniter->handleRequest(null, Object(Config\Cache), false)
12 FCPATH\index.php(79): CodeIgniter\CodeIgniter->run()
13 SYSTEMPATH\Commands\Server\rewrite.php(47): require_once('C:\\xampp\\htdocs\\Projek\\public\\index.php')
CRITICAL - 2023-12-25 17:22:13 --> Invalid file: "header.php"
in SYSTEMPATH\Exceptions\FrameworkException.php on line 39.
 1 SYSTEMPATH\View\View.php(216): CodeIgniter\Exceptions\FrameworkException::forInvalidFile('header.php')
 2 SYSTEMPATH\View\View.php(469): CodeIgniter\View\View->render('header.php', null, true)
 3 APPPATH\Views\layout\template.php(1): CodeIgniter\View\View->include('header.php')
 4 SYSTEMPATH\View\View.php(228): include('C:\\xampp\\htdocs\\Projek\\app\\Views\\layout\\template.php')
 5 SYSTEMPATH\View\View.php(231): CodeIgniter\View\View->CodeIgniter\View\{closure}()
 6 SYSTEMPATH\View\View.php(244): CodeIgniter\View\View->render('layout/template', [], true)
 7 SYSTEMPATH\Common.php(1190): CodeIgniter\View\View->render('admin/index', [], true)
 8 APPPATH\Controllers\Home.php(9): view('admin/index')
 9 SYSTEMPATH\CodeIgniter.php(942): App\Controllers\Home->index()
10 SYSTEMPATH\CodeIgniter.php(502): CodeIgniter\CodeIgniter->runController(Object(App\Controllers\Home))
11 SYSTEMPATH\CodeIgniter.php(361): CodeIgniter\CodeIgniter->handleRequest(null, Object(Config\Cache), false)
12 FCPATH\index.php(79): CodeIgniter\CodeIgniter->run()
13 SYSTEMPATH\Commands\Server\rewrite.php(47): require_once('C:\\xampp\\htdocs\\Projek\\public\\index.php')
CRITICAL - 2023-12-25 17:23:17 --> Invalid file: "header.php"
in SYSTEMPATH\Exceptions\FrameworkException.php on line 39.
 1 SYSTEMPATH\View\View.php(216): CodeIgniter\Exceptions\FrameworkException::forInvalidFile('header.php')
 2 SYSTEMPATH\View\View.php(469): CodeIgniter\View\View->render('header.php', null, true)
 3 APPPATH\Views\layout\template.php(1): CodeIgniter\View\View->include('header.php')
 4 SYSTEMPATH\View\View.php(228): include('C:\\xampp\\htdocs\\Projek\\app\\Views\\layout\\template.php')
 5 SYSTEMPATH\View\View.php(231): CodeIgniter\View\View->CodeIgniter\View\{closure}()
 6 SYSTEMPATH\View\View.php(244): CodeIgniter\View\View->render('layout/template', [], true)
 7 SYSTEMPATH\Common.php(1190): CodeIgniter\View\View->render('admin/index', [], true)
 8 APPPATH\Controllers\Home.php(9): view('admin/index')
 9 SYSTEMPATH\CodeIgniter.php(942): App\Controllers\Home->index()
10 SYSTEMPATH\CodeIgniter.php(502): CodeIgniter\CodeIgniter->runController(Object(App\Controllers\Home))
11 SYSTEMPATH\CodeIgniter.php(361): CodeIgniter\CodeIgniter->handleRequest(null, Object(Config\Cache), false)
12 FCPATH\index.php(79): CodeIgniter\CodeIgniter->run()
13 SYSTEMPATH\Commands\Server\rewrite.php(47): require_once('C:\\xampp\\htdocs\\Projek\\public\\index.php')
CRITICAL - 2023-12-25 17:23:18 --> Invalid file: "header.php"
in SYSTEMPATH\Exceptions\FrameworkException.php on line 39.
 1 SYSTEMPATH\View\View.php(216): CodeIgniter\Exceptions\FrameworkException::forInvalidFile('header.php')
 2 SYSTEMPATH\View\View.php(469): CodeIgniter\View\View->render('header.php', null, true)
 3 APPPATH\Views\layout\template.php(1): CodeIgniter\View\View->include('header.php')
 4 SYSTEMPATH\View\View.php(228): include('C:\\xampp\\htdocs\\Projek\\app\\Views\\layout\\template.php')
 5 SYSTEMPATH\View\View.php(231): CodeIgniter\View\View->CodeIgniter\View\{closure}()
 6 SYSTEMPATH\View\View.php(244): CodeIgniter\View\View->render('layout/template', [], true)
 7 SYSTEMPATH\Common.php(1190): CodeIgniter\View\View->render('admin/index', [], true)
 8 APPPATH\Controllers\Home.php(9): view('admin/index')
 9 SYSTEMPATH\CodeIgniter.php(942): App\Controllers\Home->index()
10 SYSTEMPATH\CodeIgniter.php(502): CodeIgniter\CodeIgniter->runController(Object(App\Controllers\Home))
11 SYSTEMPATH\CodeIgniter.php(361): CodeIgniter\CodeIgniter->handleRequest(null, Object(Config\Cache), false)
12 FCPATH\index.php(79): CodeIgniter\CodeIgniter->run()
13 SYSTEMPATH\Commands\Server\rewrite.php(47): require_once('C:\\xampp\\htdocs\\Projek\\public\\index.php')
